
======== GPU REPORT ========

==============NVSMI LOG==============

Timestamp                                 : Mon Dec 26 23:40:21 2022
Driver Version                            : 515.65.01
CUDA Version                              : 11.7

Attached GPUs                             : 1
GPU 00000000:39:00.0
    Accounting Mode                       : Enabled
    Accounting Mode Buffer Size           : 4000
    Accounted Processes
        Process ID                        : 17643
            GPU Utilization               : 0 %
            Memory Utilization            : 0 %
            Max memory usage              : 1053 MiB
            Time                          : 20455 ms
            Is Running                    : 0
        Process ID                        : 19312
            GPU Utilization               : 2 %
            Memory Utilization            : 0 %
            Max memory usage              : 1103 MiB
            Time                          : 8551 ms
            Is Running                    : 0
        Process ID                        : 19964
            GPU Utilization               : 19 %
            Memory Utilization            : 4 %
            Max memory usage              : 1335 MiB
            Time                          : 122400 ms
            Is Running                    : 0
        Process ID                        : 20315
            GPU Utilization               : 19 %
            Memory Utilization            : 4 %
            Max memory usage              : 1341 MiB
            Time                          : 91300 ms
            Is Running                    : 0

Mon Dec 26 23:40:21 2022       
+-----------------------------------------------------------------------------+
| NVIDIA-SMI 515.65.01    Driver Version: 515.65.01    CUDA Version: 11.7     |
|-------------------------------+----------------------+----------------------+
| GPU  Name        Persistence-M| Bus-Id        Disp.A | Volatile Uncorr. ECC |
| Fan  Temp  Perf  Pwr:Usage/Cap|         Memory-Usage | GPU-Util  Compute M. |
|                               |                      |               MIG M. |
|===============================+======================+======================|
|   0  Quadro RTX 8000     Off  | 00000000:39:00.0 Off |                  Off |
| 33%   23C    P8    11W / 260W |      0MiB / 49152MiB |      0%      Default |
|                               |                      |                  N/A |
+-------------------------------+----------------------+----------------------+
                                                                               
+-----------------------------------------------------------------------------+
| Processes:                                                                  |
|  GPU   GI   CI        PID   Type   Process name                  GPU Memory |
|        ID   ID                                                   Usage      |
|=============================================================================|
|  No running processes found                                                 |
+-----------------------------------------------------------------------------+
