
======== GPU REPORT ========

==============NVSMI LOG==============

Timestamp                                 : Tue Aug  8 18:15:20 2023
Driver Version                            : 515.65.01
CUDA Version                              : 11.7

Attached GPUs                             : 1
GPU 00000000:44:00.0
    Accounting Mode                       : Enabled
    Accounting Mode Buffer Size           : 4000
    Accounted Processes
        Process ID                        : 1253
            GPU Utilization               : 11 %
            Memory Utilization            : 0 %
            Max memory usage              : 6647 MiB
            Time                          : 438235 ms
            Is Running                    : 0
        Process ID                        : 2817
            GPU Utilization               : 8 %
            Memory Utilization            : 0 %
            Max memory usage              : 7897 MiB
            Time                          : 688125 ms
            Is Running                    : 0

Tue Aug  8 18:15:20 2023       
+-----------------------------------------------------------------------------+
| NVIDIA-SMI 515.65.01    Driver Version: 515.65.01    CUDA Version: 11.7     |
|-------------------------------+----------------------+----------------------+
| GPU  Name        Persistence-M| Bus-Id        Disp.A | Volatile Uncorr. ECC |
| Fan  Temp  Perf  Pwr:Usage/Cap|         Memory-Usage | GPU-Util  Compute M. |
|                               |                      |               MIG M. |
|===============================+======================+======================|
|   0  Quadro RTX 8000     On   | 00000000:44:00.0 Off |                  Off |
| 33%   34C    P8     8W / 260W |      1MiB / 49152MiB |      0%      Default |
|                               |                      |                  N/A |
+-------------------------------+----------------------+----------------------+
                                                                               
+-----------------------------------------------------------------------------+
| Processes:                                                                  |
|  GPU   GI   CI        PID   Type   Process name                  GPU Memory |
|        ID   ID                                                   Usage      |
|=============================================================================|
|  No running processes found                                                 |
+-----------------------------------------------------------------------------+
