
======== GPU REPORT ========

==============NVSMI LOG==============

Timestamp                                 : Thu Aug 17 18:10:59 2023
Driver Version                            : 515.65.01
CUDA Version                              : 11.7

Attached GPUs                             : 1
GPU 00000000:43:00.0
    Accounting Mode                       : Enabled
    Accounting Mode Buffer Size           : 4000
    Accounted Processes
        Process ID                        : 7312
            GPU Utilization               : 15 %
            Memory Utilization            : 0 %
            Max memory usage              : 813 MiB
            Time                          : 342317 ms
            Is Running                    : 0

Thu Aug 17 18:10:59 2023       
+-----------------------------------------------------------------------------+
| NVIDIA-SMI 515.65.01    Driver Version: 515.65.01    CUDA Version: 11.7     |
|-------------------------------+----------------------+----------------------+
| GPU  Name        Persistence-M| Bus-Id        Disp.A | Volatile Uncorr. ECC |
| Fan  Temp  Perf  Pwr:Usage/Cap|         Memory-Usage | GPU-Util  Compute M. |
|                               |                      |               MIG M. |
|===============================+======================+======================|
|   0  Quadro RTX 8000     On   | 00000000:43:00.0 Off |                  Off |
| 33%   30C    P8     7W / 260W |      1MiB / 49152MiB |      0%      Default |
|                               |                      |                  N/A |
+-------------------------------+----------------------+----------------------+
                                                                               
+-----------------------------------------------------------------------------+
| Processes:                                                                  |
|  GPU   GI   CI        PID   Type   Process name                  GPU Memory |
|        ID   ID                                                   Usage      |
|=============================================================================|
|  No running processes found                                                 |
+-----------------------------------------------------------------------------+
