
======== GPU REPORT ========

==============NVSMI LOG==============

Timestamp                                 : Wed Sep 20 20:10:10 2023
Driver Version                            : 535.86.10
CUDA Version                              : 12.2

Attached GPUs                             : 1
GPU 00000000:C4:00.0
    Accounting Mode                       : Enabled
    Accounting Mode Buffer Size           : 4000
    Accounted Processes
        Process ID                        : 32839
            GPU Utilization               : 11 %
            Memory Utilization            : 0 %
            Max memory usage              : 1144 MiB
            Time                          : 45855 ms
            Is Running                    : 0
        Process ID                        : 33816
            GPU Utilization               : 14 %
            Memory Utilization            : 0 %
            Max memory usage              : 1486 MiB
            Time                          : 366749 ms
            Is Running                    : 0
        Process ID                        : 37782
            GPU Utilization               : 15 %
            Memory Utilization            : 0 %
            Max memory usage              : 1270 MiB
            Time                          : 574517 ms
            Is Running                    : 0
        Process ID                        : 47999
            GPU Utilization               : 18 %
            Memory Utilization            : 8 %
            Max memory usage              : 10048 MiB
            Time                          : 112883 ms
            Is Running                    : 0

Wed Sep 20 20:10:10 2023       
+---------------------------------------------------------------------------------------+
| NVIDIA-SMI 535.86.10              Driver Version: 535.86.10    CUDA Version: 12.2     |
|-----------------------------------------+----------------------+----------------------+
| GPU  Name                 Persistence-M | Bus-Id        Disp.A | Volatile Uncorr. ECC |
| Fan  Temp   Perf          Pwr:Usage/Cap |         Memory-Usage | GPU-Util  Compute M. |
|                                         |                      |               MIG M. |
|=========================================+======================+======================|
|   0  Quadro RTX 8000                On  | 00000000:C4:00.0 Off |                  Off |
| 33%   23C    P8              11W / 260W |      1MiB / 49152MiB |      0%      Default |
|                                         |                      |                  N/A |
+-----------------------------------------+----------------------+----------------------+
                                                                                         
+---------------------------------------------------------------------------------------+
| Processes:                                                                            |
|  GPU   GI   CI        PID   Type   Process name                            GPU Memory |
|        ID   ID                                                             Usage      |
|=======================================================================================|
|  No running processes found                                                           |
+---------------------------------------------------------------------------------------+
