
======== GPU REPORT ========

==============NVSMI LOG==============

Timestamp                                 : Tue Sep 26 19:46:23 2023
Driver Version                            : 535.86.10
CUDA Version                              : 12.2

Attached GPUs                             : 1
GPU 00000000:B2:00.0
    Accounting Mode                       : Enabled
    Accounting Mode Buffer Size           : 4000
    Accounted Processes
        Process ID                        : 11362
            GPU Utilization               : 13 %
            Memory Utilization            : 0 %
            Max memory usage              : 1220 MiB
            Time                          : 661504 ms
            Is Running                    : 0
        Process ID                        : 20863
            GPU Utilization               : 13 %
            Memory Utilization            : 0 %
            Max memory usage              : 1196 MiB
            Time                          : 376005 ms
            Is Running                    : 0
        Process ID                        : 26404
            GPU Utilization               : 12 %
            Memory Utilization            : 0 %
            Max memory usage              : 1328 MiB
            Time                          : 748408 ms
            Is Running                    : 0
        Process ID                        : 39264
            GPU Utilization               : 4 %
            Memory Utilization            : 0 %
            Max memory usage              : 1094 MiB
            Time                          : 1293380 ms
            Is Running                    : 0
        Process ID                        : 11826
            GPU Utilization               : 4 %
            Memory Utilization            : 0 %
            Max memory usage              : 1090 MiB
            Time                          : 1335064 ms
            Is Running                    : 0

Tue Sep 26 19:46:23 2023       
+---------------------------------------------------------------------------------------+
| NVIDIA-SMI 535.86.10              Driver Version: 535.86.10    CUDA Version: 12.2     |
|-----------------------------------------+----------------------+----------------------+
| GPU  Name                 Persistence-M | Bus-Id        Disp.A | Volatile Uncorr. ECC |
| Fan  Temp   Perf          Pwr:Usage/Cap |         Memory-Usage | GPU-Util  Compute M. |
|                                         |                      |               MIG M. |
|=========================================+======================+======================|
|   0  Quadro RTX 8000                On  | 00000000:B2:00.0 Off |                  Off |
| 33%   26C    P8               9W / 260W |      1MiB / 49152MiB |      0%      Default |
|                                         |                      |                  N/A |
+-----------------------------------------+----------------------+----------------------+
                                                                                         
+---------------------------------------------------------------------------------------+
| Processes:                                                                            |
|  GPU   GI   CI        PID   Type   Process name                            GPU Memory |
|        ID   ID                                                             Usage      |
|=======================================================================================|
|  No running processes found                                                           |
+---------------------------------------------------------------------------------------+
